GAS LISTING /tmp/cc0PpDYS.s 			page 1


   1               		.file	"int0.c"
   2               	__SREG__ = 0x3f
   3               	__SP_H__ = 0x3e
   4               	__SP_L__ = 0x3d
   5               	__CCP__  = 0x34
   6               	__tmp_reg__ = 0
   7               	__zero_reg__ = 1
   8               		.global __do_copy_data
   9               		.global __do_clear_bss
  10               		.stabs	"/home/robotdude/Projects/AVR_Projects/int0/",100,0,2,.Ltext0
  11               		.stabs	"int0.c",100,0,2,.Ltext0
  12               		.text
  13               	.Ltext0:
  14               		.stabs	"gcc2_compiled.",60,0,0,0
  15               		.stabs	"int:t(0,1)=r(0,1);-32768;32767;",128,0,1,0
  16               		.stabs	"char:t(0,2)=@s8;r(0,2);0;255;",128,0,1,0
  17               		.stabs	"long int:t(0,3)=@s32;r(0,3);020000000000;017777777777;",128,0,1,0
  18               		.stabs	"unsigned int:t(0,4)=r(0,4);0;0177777;",128,0,1,0
  19               		.stabs	"long unsigned int:t(0,5)=@s32;r(0,5);0;037777777777;",128,0,1,0
  20               		.stabs	"long long int:t(0,6)=@s64;r(0,6);01000000000000000000000;0777777777777777777777;",128,0,1,
  21               		.stabs	"long long unsigned int:t(0,7)=@s64;r(0,7);0;01777777777777777777777;",128,0,1,0
  22               		.stabs	"short int:t(0,8)=r(0,8);-32768;32767;",128,0,1,0
  23               		.stabs	"short unsigned int:t(0,9)=r(0,9);0;0177777;",128,0,1,0
  24               		.stabs	"signed char:t(0,10)=@s8;r(0,10);-128;127;",128,0,1,0
  25               		.stabs	"unsigned char:t(0,11)=@s8;r(0,11);0;255;",128,0,1,0
  26               		.stabs	"float:t(0,12)=r(0,1);4;0;",128,0,1,0
  27               		.stabs	"double:t(0,13)=r(0,1);4;0;",128,0,1,0
  28               		.stabs	"long double:t(0,14)=r(0,1);4;0;",128,0,1,0
  29               		.stabs	"void:t(0,15)=(0,15)",128,0,1,0
  30               		.stabs	"/usr/lib/gcc/avr/4.3.3/../../../avr/include/avr/io.h",130,0,0,0
  31               		.stabs	"/usr/lib/gcc/avr/4.3.3/../../../avr/include/avr/sfr_defs.h",130,0,0,0
  32               		.stabs	"/usr/lib/gcc/avr/4.3.3/../../../avr/include/inttypes.h",130,0,0,0
  33               		.stabs	"/usr/lib/gcc/avr/4.3.3/../../../avr/include/stdint.h",130,0,0,0
  34               		.stabs	"int8_t:t(4,1)=(0,10)",128,0,121,0
  35               		.stabs	"uint8_t:t(4,2)=(0,11)",128,0,122,0
  36               		.stabs	"int16_t:t(4,3)=(0,1)",128,0,123,0
  37               		.stabs	"uint16_t:t(4,4)=(0,4)",128,0,124,0
  38               		.stabs	"int32_t:t(4,5)=(0,3)",128,0,125,0
  39               		.stabs	"uint32_t:t(4,6)=(0,5)",128,0,126,0
  40               		.stabs	"int64_t:t(4,7)=(0,6)",128,0,128,0
  41               		.stabs	"uint64_t:t(4,8)=(0,7)",128,0,129,0
  42               		.stabs	"intptr_t:t(4,9)=(4,3)",128,0,142,0
  43               		.stabs	"uintptr_t:t(4,10)=(4,4)",128,0,147,0
  44               		.stabs	"int_least8_t:t(4,11)=(4,1)",128,0,159,0
  45               		.stabs	"uint_least8_t:t(4,12)=(4,2)",128,0,164,0
  46               		.stabs	"int_least16_t:t(4,13)=(4,3)",128,0,169,0
  47               		.stabs	"uint_least16_t:t(4,14)=(4,4)",128,0,174,0
  48               		.stabs	"int_least32_t:t(4,15)=(4,5)",128,0,179,0
  49               		.stabs	"uint_least32_t:t(4,16)=(4,6)",128,0,184,0
  50               		.stabs	"int_least64_t:t(4,17)=(4,7)",128,0,192,0
  51               		.stabs	"uint_least64_t:t(4,18)=(4,8)",128,0,199,0
  52               		.stabs	"int_fast8_t:t(4,19)=(4,1)",128,0,213,0
  53               		.stabs	"uint_fast8_t:t(4,20)=(4,2)",128,0,218,0
  54               		.stabs	"int_fast16_t:t(4,21)=(4,3)",128,0,223,0
  55               		.stabs	"uint_fast16_t:t(4,22)=(4,4)",128,0,228,0
  56               		.stabs	"int_fast32_t:t(4,23)=(4,5)",128,0,233,0
  57               		.stabs	"uint_fast32_t:t(4,24)=(4,6)",128,0,238,0
GAS LISTING /tmp/cc0PpDYS.s 			page 2


  58               		.stabs	"int_fast64_t:t(4,25)=(4,7)",128,0,246,0
  59               		.stabs	"uint_fast64_t:t(4,26)=(4,8)",128,0,253,0
  60               		.stabs	"intmax_t:t(4,27)=(4,7)",128,0,273,0
  61               		.stabs	"uintmax_t:t(4,28)=(4,8)",128,0,278,0
  62               		.stabn	162,0,0,0
  63               		.stabs	"int_farptr_t:t(3,1)=(4,5)",128,0,77,0
  64               		.stabs	"uint_farptr_t:t(3,2)=(4,6)",128,0,81,0
  65               		.stabn	162,0,0,0
  66               		.stabn	162,0,0,0
  67               		.stabs	"/usr/lib/gcc/avr/4.3.3/../../../avr/include/avr/fuse.h",130,0,0,0
  68               		.stabs	"__fuse_t:t(5,1)=(5,2)=s3low:(0,11),0,8;high:(0,11),8,8;extended:(0,11),16,8;;",128,0,219,0
  69               		.stabn	162,0,0,0
  70               		.stabn	162,0,0,0
  71               		.stabs	"__vector_1:F(0,15)",36,0,6,__vector_1
  72               	.global	__vector_1
  73               		.type	__vector_1, @function
  74               	__vector_1:
  75               		.stabd	46,0,0
   1:int0.c        **** #define F_CPU 16000000UL
   2:int0.c        **** 
   3:int0.c        **** #include <avr/io.h>
   4:int0.c        **** #include <avr/interrupt.h>
   5:int0.c        **** 
   6:int0.c        **** ISR (INT0_vect) {       //if int0 is triggered
  76               		.stabn	68,0,6,.LM0-.LFBB1
  77               	.LM0:
  78               	.LFBB1:
  79 0000 1F92      		push __zero_reg__
  80 0002 0F92      		push r0
  81 0004 0FB6      		in r0,__SREG__
  82 0006 0F92      		push r0
  83 0008 1124      		clr __zero_reg__
  84               	/* prologue: Signal */
  85               	/* frame size = 0 */
   7:int0.c        ****     if(PORTB & 1) {     //if portb bit 0 is 1
  86               		.stabn	68,0,7,.LM1-.LFBB1
  87               	.LM1:
  88 000a 289B      		sbis 37-32,0
  89 000c 00C0      		rjmp .L2
   8:int0.c        ****     	PORTB &= ~(1 << PORTB0); //clear portb bit 0
  90               		.stabn	68,0,8,.LM2-.LFBB1
  91               	.LM2:
  92 000e 2898      		cbi 37-32,0
  93 0010 00C0      		rjmp .L4
  94               	.L2:
   9:int0.c        ****     }
  10:int0.c        ****     else {                     //otherwise
  11:int0.c        ****     	PORTB |= (1 << PORTB0);//set portb bit 0
  95               		.stabn	68,0,11,.LM3-.LFBB1
  96               	.LM3:
  97 0012 289A      		sbi 37-32,0
  98               	.L4:
  99               	/* epilogue start */
  12:int0.c        ****     }
  13:int0.c        **** }
 100               		.stabn	68,0,13,.LM4-.LFBB1
 101               	.LM4:
GAS LISTING /tmp/cc0PpDYS.s 			page 3


 102 0014 0F90      		pop r0
 103 0016 0FBE      		out __SREG__,r0
 104 0018 0F90      		pop r0
 105 001a 1F90      		pop __zero_reg__
 106 001c 1895      		reti
 107               		.size	__vector_1, .-__vector_1
 108               	.Lscope1:
 109               		.stabs	"",36,0,0,.Lscope1-.LFBB1
 110               		.stabd	78,0,0
 111               		.stabs	"main:F(0,1)",36,0,15,main
 112               	.global	main
 113               		.type	main, @function
 114               	main:
 115               		.stabd	46,0,0
  14:int0.c        **** 
  15:int0.c        **** int main ( void ) {
 116               		.stabn	68,0,15,.LM5-.LFBB2
 117               	.LM5:
 118               	.LFBB2:
 119               	/* prologue: function */
 120               	/* frame size = 0 */
  16:int0.c        **** 	DDRB = 0xFF;
 121               		.stabn	68,0,16,.LM6-.LFBB2
 122               	.LM6:
 123 001e 8FEF      		ldi r24,lo8(-1)
 124 0020 84B9      		out 36-32,r24
  17:int0.c        **** 	DDRD &= ~(1 << PORTD2); //input pin where int0 is located
 125               		.stabn	68,0,17,.LM7-.LFBB2
 126               	.LM7:
 127 0022 5298      		cbi 42-32,2
  18:int0.c        **** 	EIMSK |= (1 << INT0);   //enable int0
 128               		.stabn	68,0,18,.LM8-.LFBB2
 129               	.LM8:
 130 0024 E89A      		sbi 61-32,0
  19:int0.c        **** 	EICRA |= (1 << ISC01);   //trigger int0 on falling edge of int0 pin
 131               		.stabn	68,0,19,.LM9-.LFBB2
 132               	.LM9:
 133 0026 8091 6900 		lds r24,105
 134 002a 8260      		ori r24,lo8(2)
 135 002c 8093 6900 		sts 105,r24
  20:int0.c        **** 	sei();      //enable interrupts
 136               		.stabn	68,0,20,.LM10-.LFBB2
 137               	.LM10:
 138               	/* #APP */
 139               	 ;  20 "int0.c" 1
 140 0030 7894      		sei
 141               	 ;  0 "" 2
 142               	/* #NOAPP */
 143               	.L6:
 144 0032 00C0      		rjmp .L6
 145               		.size	main, .-main
 146               	.Lscope2:
 147               		.stabs	"",36,0,0,.Lscope2-.LFBB2
 148               		.stabd	78,0,0
 149               		.stabs	"",100,0,0,.Letext0
 150               	.Letext0:
GAS LISTING /tmp/cc0PpDYS.s 			page 4


DEFINED SYMBOLS
                            *ABS*:0000000000000000 int0.c
     /tmp/cc0PpDYS.s:2      *ABS*:000000000000003f __SREG__
     /tmp/cc0PpDYS.s:3      *ABS*:000000000000003e __SP_H__
     /tmp/cc0PpDYS.s:4      *ABS*:000000000000003d __SP_L__
     /tmp/cc0PpDYS.s:5      *ABS*:0000000000000034 __CCP__
     /tmp/cc0PpDYS.s:6      *ABS*:0000000000000000 __tmp_reg__
     /tmp/cc0PpDYS.s:7      *ABS*:0000000000000001 __zero_reg__
     /tmp/cc0PpDYS.s:74     .text:0000000000000000 __vector_1
     /tmp/cc0PpDYS.s:114    .text:000000000000001e main

UNDEFINED SYMBOLS
__do_copy_data
__do_clear_bss
